<?xml version="1.0" encoding="UTF-8"?>
<!-- Generated by org.testng.reporters.JUnitReportReporter -->
<testsuite hostname="DESKTOP-GVVML2G" failures="0" tests="5" name="Final_Project.SetUp_Test" time="44.115" errors="0" timestamp="2024-01-02T17:03:58 EET" skipped="0">
  <testcase classname="Final_Project.SetUp_Test" name="CreatAccount" time="7.525"/>
  <testcase classname="Final_Project.SetUp_Test" name="Logout" time="2.612"/>
  <testcase classname="Final_Project.SetUp_Test" name="Login" time="6.407"/>
  <testcase classname="Final_Project.SetUp_Test" name="AddThreeItems" time="19.528"/>
  <testcase classname="Final_Project.SetUp_Test" name="CheckTheManSection" time="8.043"/>
</testsuite> <!-- Final_Project.SetUp_Test -->
