<?xml version="1.0" encoding="UTF-8"?>
<!-- Generated by org.testng.reporters.JUnitReportReporter -->
<testsuite hostname="DESKTOP-GVVML2G" failures="0" tests="1" name="Final_Project.SetUp_Tests" time="35.489" errors="0" timestamp="2023-12-18T17:52:27 EET" skipped="0">
  <testcase classname="Final_Project.SetUp_Tests" name="CreatAccount" time="35.489"/>
</testsuite> <!-- Final_Project.SetUp_Tests -->
